1        1   (0)      1  : 0.9833 0.0167
2        2   (0)      1  : 1.0000 0.0000
3        3   (0)      1  : 1.0000 0.0000
4        4   (0)      1  : 1.0000 0.0000
5        5   (0)      1  : 0.9952 0.0048
6        6   (0)      1  : 1.0000 0.0000
7        7   (0)      1  : 1.0000 0.0000
8        8   (0)      1  : 1.0000 0.0000
9        9   (0)      1  : 0.9986 0.0014
10       10   (0)      2  : 1.0000 0.0000
11       11   (0)      1  : 0.9989 0.0011
12       12   (0)      2  : 1.0000 0.0000
13       13   (0)      2  : 0.9980 0.0020
14       14   (0)      1  : 0.9919 0.0081
15       15   (0)      1  : 0.9803 0.0197
16       16   (0)      2  : 0.9842 0.0158
17       17   (0)      1  : 1.0000 0.0000
18       18   (0)      1  : 0.9868 0.0132
19       19   (0)      1  : 0.9854 0.0146
20       20   (0)      1  : 1.0000 0.0000
21       21   (0)      1  : 0.9995 0.0005
22       22   (0)      1  : 1.0000 0.0000
23       23   (0)      1  : 1.0000 0.0000
24       24   (0)      1  : 1.0000 0.0000
25       25   (0)      1  : 1.0000 0.0000
26       26   (0)      2  : 0.9993 0.0007
27       27   (0)      2  : 0.2044 0.7956
28       28   (0)      2  : 0.1895 0.8105
29       29   (0)      1  : 0.9923 0.0077
30       30   (0)      1  : 0.9997 0.0003
31       31   (0)      2  : 1.0000 0.0000
32       32   (0)      1  : 1.0000 0.0000
33       33   (0)      1  : 0.7563 0.2437
34       34   (0)      2  : 1.0000 0.0000
35       35   (0)      2  : 0.0000 1.0000
36       36   (0)      2  : 0.0000 1.0000
37       37   (0)      2  : 0.0000 1.0000
38       38   (0)      2  : 0.1949 0.8051
39       39   (0)      2  : 0.1877 0.8123
40       40   (0)      2  : 1.0000 0.0000
41       41   (0)      2  : 1.0000 0.0000
42       42   (0)      2  : 0.2055 0.7945
43       43   (0)      2  : 0.9999 0.0001
44       44   (0)      2  : 1.0000 0.0000
45       45   (0)      2  : 0.2056 0.7944
46       46   (0)      2  : 1.0000 0.0000
47       47   (0)      2  : 0.2016 0.7984
48       48   (0)      2  : 1.0000 0.0000
49       49   (0)      2  : 1.0000 0.0000
50       50   (0)      2  : 0.1998 0.8002
51       51   (0)      2  : 0.1877 0.8123
52       52   (0)      2  : 1.0000 0.0000
53       53   (0)      2  : 1.0000 0.0000
54       54   (0)      2  : 1.0000 0.0000
55       55   (0)      2  : 0.1978 0.8022
56       56   (0)      3  : 0.9918 0.0082
57       57   (0)      3  : 0.9861 0.0139
58       58   (0)      3  : 1.0000 0.0000
59       59   (0)      3  : 1.0000 0.0000
60       60   (0)      3  : 1.0000 0.0000
61       61   (0)      3  : 0.9900 0.0100
62       62   (0)      4  : 0.0000 1.0000
63       63   (0)      4  : 1.0000 0.0000
64       64   (0)      4  : 0.0000 1.0000
65       65   (0)      4  : 0.9998 0.0002
66       66   (0)      4  : 0.0000 1.0000
67       67   (0)      4  : 1.0000 0.0000
68       68   (0)      4  : 0.9901 0.0099
69       69   (0)      4  : 1.0000 0.0000
70       70   (0)      4  : 1.0000 0.0000
71       71   (0)      4  : 0.0000 1.0000
72       72   (0)      4  : 0.0000 1.0000
73       73   (0)      4  : 0.9994 0.0006
74       74   (0)      4  : 1.0000 0.0000
75       75   (0)      4  : 0.2204 0.7796
76       76   (0)      4  : 1.0000 0.0000
77       77   (0)      4  : 0.9977 0.0023
78       78   (0)      4  : 0.0000 1.0000
79       79   (0)      4  : 0.1829 0.8171
80       80   (0)      4  : 0.0000 1.0000
81       81   (0)      4  : 0.9827 0.0173
82       82   (0)      4  : 1.0000 0.0000
83       83   (0)      4  : 1.0000 0.0000
84       84   (0)      4  : 1.0000 0.0000
85       85   (0)      4  : 0.9959 0.0041
86       86   (0)      4  : 1.0000 0.0000
87       87   (0)      4  : 1.0000 0.0000
88       88   (0)      4  : 1.0000 0.0000
89       89   (0)      4  : 1.0000 0.0000
90       90   (0)      4  : 1.0000 0.0000
91       91   (0)      4  : 1.0000 0.0000
92       92   (0)      3  : 1.0000 0.0000
93       93   (0)      3  : 1.0000 0.0000
94       94   (0)      3  : 1.0000 0.0000
95       95   (0)      3  : 0.0000 1.0000
96       96   (0)      3  : 1.0000 0.0000
97       97   (0)      3  : 1.0000 0.0000
98       98   (0)      3  : 1.0000 0.0000
99       99   (0)      3  : 0.0000 1.0000
100      100   (0)      3  : 0.9939 0.0061
101      101   (0)      5  : 0.9997 0.0003
102      102   (0)      5  : 0.9850 0.0150
103      103   (0)      5  : 0.9978 0.0022
104      104   (0)      5  : 0.9962 0.0038
105      105   (0)      5  : 0.9999 0.0001
106      106   (0)      5  : 0.9994 0.0006
107      107   (0)      5  : 0.9997 0.0003
108      108   (0)      5  : 0.9769 0.0231
109      109   (0)      5  : 0.9945 0.0055
110      110   (0)      5  : 1.0000 0.0000
111      111   (0)      5  : 0.9815 0.0185
112      112   (0)      5  : 1.0000 0.0000
113      113   (0)      5  : 0.9971 0.0029
114      114   (0)      5  : 1.0000 0.0000
115      115   (0)      5  : 1.0000 0.0000
116      116   (0)      5  : 0.9981 0.0019
117      117   (0)      5  : 0.9998 0.0002
118      118   (0)      5  : 1.0000 0.0000
119      119   (0)      5  : 1.0000 0.0000
120      120   (0)      5  : 0.9233 0.0767
121      121   (0)      5  : 1.0000 0.0000
122      122   (0)      5  : 1.0000 0.0000
123      123   (0)      5  : 1.0000 0.0000
124      124   (0)      5  : 0.9979 0.0021
125      125   (0)      5  : 1.0000 0.0000
126      126   (0)      5  : 0.9901 0.0099
127      127   (0)      5  : 1.0000 0.0000
128      128   (0)      6  : 0.9999 0.0001
129      129   (0)      6  : 1.0000 0.0000
130      130   (0)      6  : 1.0000 0.0000
131      131   (0)      6  : 0.9999 0.0001
132      132   (0)      6  : 0.0000 1.0000
133      133   (0)      6  : 0.1768 0.8232
134      134   (0)      6  : 0.9890 0.0110
135      135   (0)      6  : 1.0000 0.0000
136      136   (0)      6  : 1.0000 0.0000
137      137   (0)      6  : 0.9999 0.0001
138      138   (0)      6  : 1.0000 0.0000
139      139   (0)      6  : 1.0000 0.0000
140      140   (0)      6  : 1.0000 0.0000
141      141   (0)      6  : 0.0000 1.0000
142      142   (0)      6  : 0.0000 1.0000
143      143   (0)      6  : 0.0000 1.0000
144      144   (0)      6  : 0.0000 1.0000
145      145   (0)      6  : 0.0000 1.0000
146      146   (0)      6  : 0.9964 0.0036
147      147   (0)      6  : 0.9934 0.0066
148      148   (0)      6  : 0.0000 1.0000
149      149   (0)      6  : 0.0000 1.0000
150      150   (0)      6  : 0.1739 0.8261
151      151   (0)      6  : 0.1810 0.8190
152      152   (0)      6  : 0.9997 0.0003
153      153   (0)      6  : 0.0000 1.0000
154      154   (0)      5  : 0.9993 0.0007
155      155   (0)      5  : 1.0000 0.0000
156      156   (0)      5  : 0.9999 0.0001
157      157   (0)      6  : 1.0000 0.0000
158      158   (0)      6  : 1.0000 0.0000
159      159   (0)      6  : 1.0000 0.0000
160      160   (0)      6  : 1.0000 0.0000
161      161   (0)      7  : 0.9892 0.0108
162      162   (0)      7  : 0.9960 0.0040
163      163   (0)      7  : 0.0000 1.0000
164      164   (0)      7  : 1.0000 0.0000
165      165   (0)      7  : 0.0000 1.0000
166      166   (0)      7  : 0.0000 1.0000
167      167   (0)      7  : 0.9999 0.0001
168      168   (0)      7  : 1.0000 0.0000
169      169   (0)      8  : 1.0000 0.0000
170      170   (0)      8  : 1.0000 0.0000
171      171   (0)      8  : 1.0000 0.0000
172      172   (0)      8  : 1.0000 0.0000
173      173   (0)      7  : 0.9989 0.0011
174      174   (0)      7  : 1.0000 0.0000
175      175   (0)      7  : 1.0000 0.0000
176      176   (0)      7  : 0.0000 1.0000
177      177   (0)      7  : 0.9998 0.0002
178      178   (0)      7  : 0.0000 1.0000
179      179   (0)      7  : 0.0000 1.0000
180      180   (0)      8  : 1.0000 0.0000
181      181   (0)      8  : 0.9996 0.0004
182      182   (0)      8  : 0.9999 0.0001
183      183   (0)      7  : 0.0000 1.0000
184      184   (0)      7  : 1.0000 0.0000
185      185   (0)      7  : 1.0000 0.0000
186      186   (0)      7  : 0.0000 1.0000
187      187   (0)      7  : 0.9992 0.0008
188      188   (0)      7  : 0.9987 0.0013
189      189   (0)      7  : 0.0000 1.0000
190      190   (0)      7  : 1.0000 0.0000
191      191   (0)      7  : 1.0000 0.0000
192      192   (0)      7  : 0.8112 0.1888
193      193   (0)      7  : 0.9931 0.0069
194      194   (0)      8  : 0.9996 0.0004
195      195   (0)      8  : 0.9987 0.0013
196      196   (0)      8  : 1.0000 0.0000
197      197   (0)      8  : 0.9919 0.0081
198      198   (0)      8  : 1.0000 0.0000
199      199   (0)      8  : 0.9993 0.0007
200      200   (0)      8  : 0.9863 0.0137
201      201   (0)      8  : 1.0000 0.0000
202      202   (0)      8  : 1.0000 0.0000
203      203   (0)      8  : 0.9998 0.0002
204      204   (0)      8  : 0.9978 0.0022
205      205   (0)      8  : 1.0000 0.0000
206      206   (0)      8  : 0.9964 0.0036
207      207   (0)      8  : 1.0000 0.0000
208      208   (0)      8  : 1.0000 0.0000
209      209   (0)      8  : 1.0000 0.0000
210      210   (0)      8  : 0.9984 0.0016
211      211   (0)      8  : 0.9982 0.0018
212      212   (0)      8  : 0.9852 0.0148
213      213   (0)      8  : 0.9999 0.0001
214      214   (0)      8  : 0.9777 0.0223
215      215   (0)      8  : 0.9940 0.0060
216      216   (0)      8  : 1.0000 0.0000
217      217   (0)      7  : 1.0000 0.0000
218      218   (0)      7  : 0.0000 1.0000
219      219   (0)      7  : 0.9981 0.0019
220      220   (0)      7  : 0.9980 0.0020
