1        1   (0)      1  : 0.9656 0.0080 0.0003 0.0261
2        2   (0)      1  : 0.0000 1.0000 0.0000 0.0000
3        3   (0)      1  : 0.0000 1.0000 0.0000 0.0000
4        4   (0)      1  : 0.9516 0.0429 0.0000 0.0055
5        5   (0)      1  : 0.9863 0.0005 0.0000 0.0132
6        6   (0)      1  : 0.9630 0.0306 0.0000 0.0064
7        7   (0)      1  : 0.0000 1.0000 0.0000 0.0000
8        8   (0)      1  : 0.0000 1.0000 0.0000 0.0000
9        9   (0)      1  : 0.9713 0.0090 0.0000 0.0197
10       10   (0)      2  : 0.0000 1.0000 0.0000 0.0000
11       11   (0)      1  : 0.9684 0.0178 0.0000 0.0138
12       12   (0)      2  : 0.9658 0.0227 0.0000 0.0115
13       13   (0)      2  : 0.9859 0.0052 0.0000 0.0089
14       14   (0)      1  : 0.9697 0.0107 0.0000 0.0197
15       15   (0)      1  : 0.9710 0.0013 0.0061 0.0216
16       16   (0)      2  : 0.9056 0.0611 0.0000 0.0333
17       17   (0)      1  : 0.9922 0.0076 0.0000 0.0002
18       18   (0)      1  : 0.9881 0.0000 0.0054 0.0066
19       19   (0)      1  : 0.9770 0.0034 0.0082 0.0115
20       20   (0)      1  : 0.9912 0.0009 0.0000 0.0079
21       21   (0)      1  : 0.9959 0.0040 0.0000 0.0000
22       22   (0)      1  : 0.0000 1.0000 0.0000 0.0000
23       23   (0)      1  : 0.9696 0.0304 0.0000 0.0000
24       24   (0)      1  : 0.9580 0.0379 0.0000 0.0041
25       25   (0)      1  : 0.9666 0.0334 0.0000 0.0000
26       26   (0)      2  : 0.9931 0.0000 0.0000 0.0069
27       27   (0)      2  : 0.0000 0.0000 0.0000 1.0000
28       28   (0)      2  : 0.0000 0.0000 0.0000 1.0000
29       29   (0)      1  : 0.9829 0.0054 0.0000 0.0117
30       30   (0)      1  : 0.9850 0.0000 0.0000 0.0150
31       31   (0)      2  : 0.9703 0.0297 0.0000 0.0000
32       32   (0)      1  : 0.0000 1.0000 0.0000 0.0000
33       33   (0)      1  : 0.3985 0.2405 0.0000 0.3610
34       34   (0)      2  : 0.9984 0.0005 0.0000 0.0011
35       35   (0)      2  : 0.0000 0.0000 1.0000 0.0000
36       36   (0)      2  : 0.0000 0.0000 1.0000 0.0000
37       37   (0)      2  : 0.0000 0.0000 1.0000 0.0000
38       38   (0)      2  : 0.0000 0.0000 0.0000 1.0000
39       39   (0)      2  : 0.0000 0.0000 0.0000 1.0000
40       40   (0)      2  : 0.9942 0.0022 0.0000 0.0036
41       41   (0)      2  : 0.0000 1.0000 0.0000 0.0000
42       42   (0)      2  : 0.0000 0.0000 0.0000 1.0000
43       43   (0)      2  : 0.9599 0.0279 0.0000 0.0122
44       44   (0)      2  : 0.0000 1.0000 0.0000 0.0000
45       45   (0)      2  : 0.0000 0.0000 0.0000 1.0000
46       46   (0)      2  : 0.9704 0.0196 0.0000 0.0100
47       47   (0)      2  : 0.0000 0.0000 0.0000 1.0000
48       48   (0)      2  : 0.0000 1.0000 0.0000 0.0000
49       49   (0)      2  : 0.0000 1.0000 0.0000 0.0000
50       50   (0)      2  : 0.0000 0.0000 0.0000 1.0000
51       51   (0)      2  : 0.0000 0.0000 0.0000 1.0000
52       52   (0)      2  : 0.0000 1.0000 0.0000 0.0000
53       53   (0)      2  : 0.0000 1.0000 0.0000 0.0000
54       54   (0)      2  : 0.0000 1.0000 0.0000 0.0000
55       55   (0)      2  : 0.0000 0.0000 0.0000 1.0000
56       56   (0)      3  : 0.9317 0.0487 0.0000 0.0196
57       57   (0)      3  : 0.9675 0.0023 0.0000 0.0302
58       58   (0)      3  : 0.9702 0.0298 0.0000 0.0000
59       59   (0)      3  : 0.9779 0.0176 0.0000 0.0045
60       60   (0)      3  : 0.0000 1.0000 0.0000 0.0000
61       61   (0)      3  : 0.9879 0.0007 0.0016 0.0098
62       62   (0)      4  : 0.0000 0.0000 1.0000 0.0000
63       63   (0)      4  : 0.9805 0.0101 0.0000 0.0094
64       64   (0)      4  : 0.0000 0.0000 1.0000 0.0000
65       65   (0)      4  : 0.9521 0.0467 0.0000 0.0012
66       66   (0)      4  : 0.0000 0.0000 1.0000 0.0000
67       67   (0)      4  : 0.9816 0.0127 0.0000 0.0057
68       68   (0)      4  : 0.9738 0.0154 0.0000 0.0107
69       69   (0)      4  : 0.0000 1.0000 0.0000 0.0000
70       70   (0)      4  : 1.0000 0.0000 0.0000 0.0000
71       71   (0)      4  : 0.0000 0.0000 1.0000 0.0000
72       72   (0)      4  : 0.0000 0.0000 1.0000 0.0000
73       73   (0)      4  : 0.8978 0.0873 0.0000 0.0149
74       74   (0)      4  : 0.0000 1.0000 0.0000 0.0000
75       75   (0)      4  : 0.0000 0.0000 0.0000 1.0000
76       76   (0)      4  : 0.0000 1.0000 0.0000 0.0000
77       77   (0)      4  : 0.9567 0.0421 0.0012 0.0000
78       78   (0)      4  : 0.0000 0.0000 1.0000 0.0000
79       79   (0)      4  : 0.0000 0.0000 0.0000 1.0000
80       80   (0)      4  : 0.0000 0.0000 1.0000 0.0000
81       81   (0)      4  : 0.9726 0.0025 0.0032 0.0217
82       82   (0)      4  : 0.0000 1.0000 0.0000 0.0000
83       83   (0)      4  : 0.0000 1.0000 0.0000 0.0000
84       84   (0)      4  : 0.7593 0.2361 0.0000 0.0046
85       85   (0)      4  : 0.9688 0.0063 0.0000 0.0249
86       86   (0)      4  : 0.9852 0.0148 0.0000 0.0000
87       87   (0)      4  : 0.9710 0.0290 0.0000 0.0000
88       88   (0)      4  : 0.9968 0.0006 0.0000 0.0026
89       89   (0)      4  : 1.0000 0.0000 0.0000 0.0000
90       90   (0)      4  : 0.9842 0.0151 0.0000 0.0008
91       91   (0)      4  : 0.9760 0.0134 0.0000 0.0106
92       92   (0)      3  : 0.9580 0.0420 0.0000 0.0000
93       93   (0)      3  : 0.0000 1.0000 0.0000 0.0000
94       94   (0)      3  : 0.0000 1.0000 0.0000 0.0000
95       95   (0)      3  : 0.0000 0.0000 1.0000 0.0000
96       96   (0)      3  : 0.0000 1.0000 0.0000 0.0000
97       97   (0)      3  : 0.0000 1.0000 0.0000 0.0000
98       98   (0)      3  : 0.9620 0.0275 0.0000 0.0105
99       99   (0)      3  : 0.0000 0.0000 1.0000 0.0000
100      100   (0)      3  : 0.9917 0.0000 0.0000 0.0083
101      101   (0)      5  : 0.9702 0.0214 0.0000 0.0085
102      102   (0)      5  : 0.9831 0.0048 0.0020 0.0100
103      103   (0)      5  : 0.9638 0.0291 0.0000 0.0070
104      104   (0)      5  : 0.9921 0.0070 0.0004 0.0005
105      105   (0)      5  : 0.9573 0.0426 0.0000 0.0001
106      106   (0)      5  : 0.9890 0.0020 0.0000 0.0090
107      107   (0)      5  : 0.9721 0.0167 0.0000 0.0113
108      108   (0)      5  : 0.9471 0.0164 0.0044 0.0321
109      109   (0)      5  : 0.9771 0.0079 0.0000 0.0151
110      110   (0)      5  : 0.9992 0.0008 0.0000 0.0000
111      111   (0)      5  : 0.9431 0.0272 0.0010 0.0287
112      112   (0)      5  : 0.9859 0.0000 0.0000 0.0141
113      113   (0)      5  : 0.9844 0.0150 0.0000 0.0006
114      114   (0)      5  : 0.9967 0.0018 0.0000 0.0015
115      115   (0)      5  : 0.9623 0.0377 0.0000 0.0000
116      116   (0)      5  : 0.9701 0.0189 0.0000 0.0110
117      117   (0)      5  : 0.9554 0.0446 0.0000 0.0000
118      118   (0)      5  : 0.9905 0.0076 0.0000 0.0019
119      119   (0)      5  : 0.9681 0.0295 0.0000 0.0024
120      120   (0)      5  : 0.8969 0.0280 0.0681 0.0071
121      121   (0)      5  : 0.9926 0.0074 0.0000 0.0000
122      122   (0)      5  : 0.9781 0.0219 0.0000 0.0000
123      123   (0)      5  : 0.9692 0.0308 0.0000 0.0000
124      124   (0)      5  : 0.9783 0.0024 0.0000 0.0193
125      125   (0)      5  : 0.9817 0.0183 0.0000 0.0000
126      126   (0)      5  : 0.9802 0.0077 0.0036 0.0085
127      127   (0)      5  : 0.9755 0.0157 0.0000 0.0089
128      128   (0)      6  : 0.9970 0.0000 0.0000 0.0030
129      129   (0)      6  : 0.9625 0.0375 0.0000 0.0000
130      130   (0)      6  : 0.0000 1.0000 0.0000 0.0000
131      131   (0)      6  : 0.0000 1.0000 0.0000 0.0000
132      132   (0)      6  : 0.0000 0.0000 1.0000 0.0000
133      133   (0)      6  : 0.0000 0.0000 0.0000 1.0000
134      134   (0)      6  : 0.0463 0.9139 0.0000 0.0398
135      135   (0)      6  : 0.9828 0.0172 0.0000 0.0000
136      136   (0)      6  : 0.9632 0.0322 0.0000 0.0046
137      137   (0)      6  : 0.0000 0.9960 0.0000 0.0040
138      138   (0)      6  : 0.9771 0.0229 0.0000 0.0000
139      139   (0)      6  : 0.9815 0.0033 0.0000 0.0152
140      140   (0)      6  : 0.9939 0.0000 0.0000 0.0061
141      141   (0)      6  : 0.0000 0.0000 1.0000 0.0000
142      142   (0)      6  : 0.0000 0.0000 1.0000 0.0000
143      143   (0)      6  : 0.0000 0.0000 1.0000 0.0000
144      144   (0)      6  : 0.0000 0.0000 1.0000 0.0000
145      145   (0)      6  : 0.0000 0.0000 1.0000 0.0000
146      146   (0)      6  : 0.0000 1.0000 0.0000 0.0000
147      147   (0)      6  : 0.9795 0.0058 0.0000 0.0147
148      148   (0)      6  : 0.0000 0.0000 1.0000 0.0000
149      149   (0)      6  : 0.0000 0.0000 1.0000 0.0000
150      150   (0)      6  : 0.0000 0.0000 0.0000 1.0000
151      151   (0)      6  : 0.0000 0.0000 0.0000 1.0000
152      152   (0)      6  : 1.0000 0.0000 0.0000 0.0000
153      153   (0)      6  : 0.0000 0.0000 1.0000 0.0000
154      154   (0)      5  : 0.9794 0.0205 0.0001 0.0000
155      155   (0)      5  : 0.9976 0.0000 0.0000 0.0024
156      156   (0)      5  : 0.0385 0.9615 0.0000 0.0000
157      157   (0)      6  : 0.9845 0.0154 0.0000 0.0001
158      158   (0)      6  : 0.0000 1.0000 0.0000 0.0000
159      159   (0)      6  : 0.9649 0.0263 0.0000 0.0089
160      160   (0)      6  : 0.0000 1.0000 0.0000 0.0000
161      161   (0)      7  : 0.9629 0.0166 0.0000 0.0205
162      162   (0)      7  : 0.9837 0.0001 0.0000 0.0162
163      163   (0)      7  : 0.0000 0.0000 1.0000 0.0000
164      164   (0)      7  : 0.0000 1.0000 0.0000 0.0000
165      165   (0)      7  : 0.0000 0.0000 1.0000 0.0000
166      166   (0)      7  : 0.0000 0.0000 1.0000 0.0000
167      167   (0)      7  : 0.9856 0.0131 0.0000 0.0013
168      168   (0)      7  : 0.9672 0.0322 0.0000 0.0006
169      169   (0)      8  : 0.9883 0.0117 0.0000 0.0000
170      170   (0)      8  : 0.9886 0.0052 0.0000 0.0062
171      171   (0)      8  : 0.9736 0.0106 0.0000 0.0158
172      172   (0)      8  : 0.9670 0.0224 0.0000 0.0106
173      173   (0)      7  : 1.0000 0.0000 0.0000 0.0000
174      174   (0)      7  : 0.0020 0.9980 0.0000 0.0000
175      175   (0)      7  : 0.9998 0.0000 0.0000 0.0001
176      176   (0)      7  : 0.0000 0.0000 1.0000 0.0000
177      177   (0)      7  : 0.9939 0.0028 0.0000 0.0034
178      178   (0)      7  : 0.0000 0.0000 1.0000 0.0000
179      179   (0)      7  : 0.0000 0.0000 1.0000 0.0000
180      180   (0)      8  : 0.9718 0.0282 0.0000 0.0000
181      181   (0)      8  : 0.9873 0.0000 0.0000 0.0127
182      182   (0)      8  : 0.9756 0.0244 0.0000 0.0000
183      183   (0)      7  : 0.0000 0.0000 1.0000 0.0000
184      184   (0)      7  : 0.0000 1.0000 0.0000 0.0000
185      185   (0)      7  : 0.0000 1.0000 0.0000 0.0000
186      186   (0)      7  : 0.0000 0.0000 1.0000 0.0000
187      187   (0)      7  : 0.9787 0.0111 0.0000 0.0101
188      188   (0)      7  : 0.9399 0.0441 0.0000 0.0161
189      189   (0)      7  : 0.0000 0.0000 1.0000 0.0000
190      190   (0)      7  : 0.9797 0.0095 0.0000 0.0108
191      191   (0)      7  : 0.0000 1.0000 0.0000 0.0000
192      192   (0)      7  : 0.5445 0.2368 0.1067 0.1119
193      193   (0)      7  : 0.9633 0.0321 0.0046 0.0000
194      194   (0)      8  : 0.9459 0.0381 0.0000 0.0160
195      195   (0)      8  : 0.9784 0.0031 0.0000 0.0184
196      196   (0)      8  : 0.9850 0.0003 0.0000 0.0147
197      197   (0)      8  : 0.9940 0.0000 0.0000 0.0060
198      198   (0)      8  : 0.9888 0.0112 0.0000 0.0000
199      199   (0)      8  : 0.9730 0.0105 0.0000 0.0165
200      200   (0)      8  : 0.9567 0.0267 0.0083 0.0082
201      201   (0)      8  : 0.0000 1.0000 0.0000 0.0000
202      202   (0)      8  : 0.9667 0.0228 0.0000 0.0104
203      203   (0)      8  : 0.9898 0.0000 0.0000 0.0102
204      204   (0)      8  : 0.9448 0.0497 0.0000 0.0056
205      205   (0)      8  : 0.9786 0.0214 0.0000 0.0000
206      206   (0)      8  : 0.9547 0.0373 0.0024 0.0055
207      207   (0)      8  : 0.9994 0.0000 0.0000 0.0006
208      208   (0)      8  : 0.9788 0.0190 0.0000 0.0023
209      209   (0)      8  : 0.0019 0.9981 0.0000 0.0000
210      210   (0)      8  : 0.9553 0.0238 0.0000 0.0209
211      211   (0)      8  : 0.9762 0.0101 0.0000 0.0136
212      212   (0)      8  : 0.9741 0.0146 0.0111 0.0002
213      213   (0)      8  : 0.0000 1.0000 0.0000 0.0000
214      214   (0)      8  : 0.9511 0.0296 0.0193 0.0000
215      215   (0)      8  : 0.9742 0.0132 0.0000 0.0126
216      216   (0)      8  : 0.5061 0.4819 0.0000 0.0119
217      217   (0)      7  : 0.9696 0.0304 0.0000 0.0000
218      218   (0)      7  : 0.0000 0.0000 1.0000 0.0000
219      219   (0)      7  : 0.9591 0.0211 0.0000 0.0198
220      220   (0)      7  : 0.9625 0.0296 0.0000 0.0079
