1        1   (0)      1  : 0.9790 0.0001 0.0002 0.0207
2        2   (0)      1  : 0.0000 1.0000 0.0000 0.0000
3        3   (0)      1  : 0.0000 1.0000 0.0000 0.0000
4        4   (0)      1  : 0.9445 0.0503 0.0000 0.0052
5        5   (0)      1  : 0.9773 0.0069 0.0000 0.0158
6        6   (0)      1  : 0.9655 0.0272 0.0000 0.0073
7        7   (0)      1  : 0.0000 1.0000 0.0000 0.0000
8        8   (0)      1  : 0.0000 1.0000 0.0000 0.0000
9        9   (0)      1  : 0.9624 0.0191 0.0000 0.0185
10       10   (0)      1  : 0.0000 1.0000 0.0000 0.0000
11       11   (0)      1  : 0.9848 0.0044 0.0000 0.0108
12       12   (0)      1  : 0.9660 0.0211 0.0000 0.0129
13       13   (0)      1  : 0.9835 0.0124 0.0000 0.0041
14       14   (0)      1  : 0.9657 0.0110 0.0000 0.0233
15       15   (0)      1  : 0.9617 0.0094 0.0074 0.0215
16       16   (0)      1  : 0.9074 0.0583 0.0000 0.0343
17       17   (0)      1  : 0.9934 0.0062 0.0000 0.0004
18       18   (0)      1  : 0.9843 0.0000 0.0076 0.0081
19       19   (0)      1  : 0.9778 0.0025 0.0005 0.0192
20       20   (0)      1  : 0.9978 0.0006 0.0000 0.0016
21       21   (0)      1  : 0.9949 0.0051 0.0000 0.0000
22       22   (0)      1  : 0.0002 0.9998 0.0000 0.0000
23       23   (0)      1  : 0.9639 0.0351 0.0000 0.0010
24       24   (0)      1  : 0.9538 0.0447 0.0000 0.0015
25       25   (0)      1  : 0.9672 0.0328 0.0000 0.0000
26       26   (0)      1  : 0.9984 0.0000 0.0000 0.0016
27       27   (0)      1  : 0.0000 0.0000 0.0000 1.0000
28       28   (0)      1  : 0.0000 0.0000 0.0000 1.0000
29       29   (0)      1  : 0.9899 0.0049 0.0000 0.0052
30       30   (0)      1  : 0.9816 0.0000 0.0000 0.0184
31       31   (0)      1  : 0.9528 0.0357 0.0000 0.0115
32       32   (0)      1  : 0.0000 1.0000 0.0000 0.0000
33       33   (0)      1  : 0.4025 0.2363 0.0000 0.3612
34       34   (0)      1  : 0.9985 0.0000 0.0000 0.0015
35       35   (0)      1  : 0.0000 0.0000 1.0000 0.0000
36       36   (0)      1  : 0.0000 0.0000 1.0000 0.0000
37       37   (0)      1  : 0.0000 0.0000 1.0000 0.0000
38       38   (0)      1  : 0.0000 0.0000 0.0000 1.0000
39       39   (0)      1  : 0.0000 0.0000 0.0000 1.0000
40       40   (0)      1  : 0.9913 0.0007 0.0000 0.0080
41       41   (0)      1  : 0.0000 1.0000 0.0000 0.0000
42       42   (0)      1  : 0.0000 0.0000 0.0000 1.0000
43       43   (0)      1  : 0.9702 0.0201 0.0000 0.0096
44       44   (0)      1  : 0.0000 1.0000 0.0000 0.0000
45       45   (0)      1  : 0.0000 0.0000 0.0000 1.0000
46       46   (0)      1  : 0.9740 0.0106 0.0000 0.0154
47       47   (0)      1  : 0.0000 0.0000 0.0000 1.0000
48       48   (0)      1  : 0.0000 1.0000 0.0000 0.0000
49       49   (0)      1  : 0.0000 1.0000 0.0000 0.0000
50       50   (0)      1  : 0.0000 0.0000 0.0000 1.0000
51       51   (0)      1  : 0.0000 0.0000 0.0000 1.0000
52       52   (0)      1  : 0.0000 1.0000 0.0000 0.0000
53       53   (0)      1  : 0.0000 1.0000 0.0000 0.0000
54       54   (0)      1  : 0.0000 1.0000 0.0000 0.0000
55       55   (0)      1  : 0.0000 0.0000 0.0000 1.0000
56       56   (0)      2  : 0.9254 0.0479 0.0014 0.0253
57       57   (0)      2  : 0.9584 0.0071 0.0000 0.0345
58       58   (0)      2  : 0.9822 0.0178 0.0000 0.0000
59       59   (0)      2  : 0.9782 0.0139 0.0000 0.0079
60       60   (0)      2  : 0.0000 1.0000 0.0000 0.0000
61       61   (0)      2  : 0.9899 0.0027 0.0024 0.0050
62       62   (0)      2  : 0.0000 0.0000 1.0000 0.0000
63       63   (0)      2  : 0.9819 0.0049 0.0000 0.0132
64       64   (0)      2  : 0.0000 0.0000 1.0000 0.0000
65       65   (0)      2  : 0.9389 0.0577 0.0034 0.0000
66       66   (0)      2  : 0.0000 0.0000 1.0000 0.0000
67       67   (0)      2  : 0.9994 0.0006 0.0000 0.0000
68       68   (0)      2  : 0.9579 0.0272 0.0025 0.0124
69       69   (0)      2  : 0.0000 1.0000 0.0000 0.0000
70       70   (0)      2  : 0.9990 0.0010 0.0000 0.0000
71       71   (0)      2  : 0.0000 0.0000 1.0000 0.0000
72       72   (0)      2  : 0.0000 0.0000 1.0000 0.0000
73       73   (0)      2  : 0.9052 0.0883 0.0000 0.0065
74       74   (0)      2  : 0.0000 1.0000 0.0000 0.0000
75       75   (0)      2  : 0.0000 0.0000 0.0000 1.0000
76       76   (0)      2  : 0.0000 1.0000 0.0000 0.0000
77       77   (0)      2  : 0.9474 0.0473 0.0053 0.0000
78       78   (0)      2  : 0.0000 0.0000 1.0000 0.0000
79       79   (0)      2  : 0.0000 0.0000 0.0000 1.0000
80       80   (0)      2  : 0.0000 0.0000 1.0000 0.0000
81       81   (0)      2  : 0.9760 0.0058 0.0000 0.0183
82       82   (0)      2  : 0.0000 1.0000 0.0000 0.0000
83       83   (0)      2  : 0.0000 1.0000 0.0000 0.0000
84       84   (0)      2  : 0.7790 0.2210 0.0000 0.0000
85       85   (0)      2  : 0.9501 0.0196 0.0000 0.0302
86       86   (0)      2  : 0.9785 0.0212 0.0000 0.0003
87       87   (0)      2  : 0.9655 0.0345 0.0000 0.0000
88       88   (0)      2  : 0.9921 0.0025 0.0000 0.0054
89       89   (0)      2  : 1.0000 0.0000 0.0000 0.0000
90       90   (0)      2  : 0.9798 0.0201 0.0000 0.0001
91       91   (0)      2  : 0.9665 0.0209 0.0000 0.0126
92       92   (0)      2  : 0.9370 0.0579 0.0027 0.0023
93       93   (0)      2  : 0.0000 1.0000 0.0000 0.0000
94       94   (0)      2  : 0.0000 1.0000 0.0000 0.0000
95       95   (0)      2  : 0.0000 0.0000 1.0000 0.0000
96       96   (0)      2  : 0.0000 0.9947 0.0000 0.0053
97       97   (0)      2  : 0.0000 1.0000 0.0000 0.0000
98       98   (0)      2  : 0.9615 0.0351 0.0000 0.0034
99       99   (0)      2  : 0.0000 0.0000 1.0000 0.0000
100      100   (0)      2  : 0.9975 0.0000 0.0000 0.0025
101      101   (0)      3  : 0.9668 0.0240 0.0000 0.0092
102      102   (0)      3  : 0.9821 0.0075 0.0049 0.0056
103      103   (0)      3  : 0.9535 0.0389 0.0000 0.0076
104      104   (0)      3  : 0.9986 0.0001 0.0013 0.0000
105      105   (0)      3  : 0.9566 0.0431 0.0000 0.0003
106      106   (0)      3  : 0.9950 0.0045 0.0000 0.0005
107      107   (0)      3  : 0.9819 0.0064 0.0000 0.0117
108      108   (0)      3  : 0.9401 0.0144 0.0114 0.0341
109      109   (0)      3  : 0.9758 0.0053 0.0000 0.0189
110      110   (0)      3  : 0.9998 0.0002 0.0000 0.0000
111      111   (0)      3  : 0.9420 0.0225 0.0051 0.0304
112      112   (0)      3  : 0.9883 0.0000 0.0000 0.0117
113      113   (0)      3  : 0.9921 0.0079 0.0000 0.0000
114      114   (0)      3  : 0.9895 0.0066 0.0000 0.0039
115      115   (0)      3  : 0.9575 0.0425 0.0000 0.0000
116      116   (0)      3  : 0.9643 0.0229 0.0000 0.0128
117      117   (0)      3  : 0.9556 0.0444 0.0000 0.0000
118      118   (0)      3  : 0.9889 0.0111 0.0000 0.0000
119      119   (0)      3  : 0.9678 0.0322 0.0000 0.0000
120      120   (0)      3  : 0.8688 0.0470 0.0577 0.0265
121      121   (0)      3  : 0.9778 0.0185 0.0000 0.0037
122      122   (0)      3  : 0.9809 0.0191 0.0000 0.0000
123      123   (0)      3  : 0.9567 0.0433 0.0000 0.0000
124      124   (0)      3  : 0.9844 0.0000 0.0000 0.0156
125      125   (0)      3  : 0.9736 0.0264 0.0000 0.0000
126      126   (0)      3  : 0.9725 0.0120 0.0065 0.0090
127      127   (0)      3  : 0.9750 0.0119 0.0000 0.0131
128      128   (0)      3  : 0.9977 0.0000 0.0000 0.0023
129      129   (0)      3  : 0.9497 0.0503 0.0000 0.0000
130      130   (0)      3  : 0.0000 1.0000 0.0000 0.0000
131      131   (0)      3  : 0.0004 0.9996 0.0000 0.0000
132      132   (0)      3  : 0.0000 0.0000 1.0000 0.0000
133      133   (0)      3  : 0.0000 0.0000 0.0000 1.0000
134      134   (0)      3  : 0.0000 0.9641 0.0000 0.0359
135      135   (0)      3  : 0.9987 0.0013 0.0000 0.0000
136      136   (0)      3  : 0.9672 0.0224 0.0000 0.0104
137      137   (0)      3  : 0.0000 0.9974 0.0000 0.0026
138      138   (0)      3  : 0.9775 0.0225 0.0000 0.0000
139      139   (0)      3  : 0.9724 0.0106 0.0000 0.0170
140      140   (0)      3  : 0.9935 0.0000 0.0000 0.0065
141      141   (0)      3  : 0.0000 0.0000 1.0000 0.0000
142      142   (0)      3  : 0.0000 0.0000 1.0000 0.0000
143      143   (0)      3  : 0.0000 0.0000 1.0000 0.0000
144      144   (0)      3  : 0.0000 0.0000 1.0000 0.0000
145      145   (0)      3  : 0.0000 0.0000 1.0000 0.0000
146      146   (0)      3  : 0.0000 1.0000 0.0000 0.0000
147      147   (0)      3  : 0.9680 0.0157 0.0000 0.0163
148      148   (0)      3  : 0.0000 0.0000 1.0000 0.0000
149      149   (0)      3  : 0.0000 0.0000 1.0000 0.0000
150      150   (0)      3  : 0.0000 0.0000 0.0000 1.0000
151      151   (0)      3  : 0.0000 0.0000 0.0000 1.0000
152      152   (0)      3  : 0.9834 0.0165 0.0000 0.0001
153      153   (0)      3  : 0.0000 0.0000 1.0000 0.0000
154      154   (0)      3  : 0.9884 0.0101 0.0016 0.0000
155      155   (0)      3  : 0.9968 0.0000 0.0000 0.0031
156      156   (0)      3  : 0.0279 0.9721 0.0000 0.0000
157      157   (0)      3  : 0.9698 0.0302 0.0000 0.0000
158      158   (0)      3  : 0.0000 1.0000 0.0000 0.0000
159      159   (0)      3  : 0.9691 0.0228 0.0000 0.0080
160      160   (0)      3  : 0.0000 1.0000 0.0000 0.0000
161      161   (0)      4  : 0.9615 0.0225 0.0000 0.0160
162      162   (0)      4  : 0.9896 0.0000 0.0000 0.0104
163      163   (0)      4  : 0.0000 0.0000 1.0000 0.0000
164      164   (0)      4  : 0.0000 1.0000 0.0000 0.0000
165      165   (0)      4  : 0.0000 0.0000 1.0000 0.0000
166      166   (0)      4  : 0.0000 0.0000 1.0000 0.0000
167      167   (0)      4  : 0.9780 0.0203 0.0000 0.0017
168      168   (0)      4  : 0.9677 0.0322 0.0000 0.0000
169      169   (0)      4  : 0.9846 0.0154 0.0000 0.0000
170      170   (0)      4  : 0.9932 0.0005 0.0000 0.0063
171      171   (0)      4  : 0.9745 0.0042 0.0000 0.0213
172      172   (0)      4  : 0.9573 0.0407 0.0000 0.0021
173      173   (0)      4  : 1.0000 0.0000 0.0000 0.0000
174      174   (0)      4  : 0.0295 0.9705 0.0000 0.0000
175      175   (0)      4  : 1.0000 0.0000 0.0000 0.0000
176      176   (0)      4  : 0.0000 0.0000 1.0000 0.0000
177      177   (0)      4  : 0.9970 0.0029 0.0000 0.0001
178      178   (0)      4  : 0.0000 0.0000 1.0000 0.0000
179      179   (0)      4  : 0.0000 0.0000 1.0000 0.0000
180      180   (0)      4  : 0.9654 0.0287 0.0000 0.0059
181      181   (0)      4  : 0.9931 0.0000 0.0000 0.0069
182      182   (0)      4  : 0.9610 0.0316 0.0074 0.0000
183      183   (0)      4  : 0.0000 0.0000 1.0000 0.0000
184      184   (0)      4  : 0.0000 1.0000 0.0000 0.0000
185      185   (0)      4  : 0.0000 1.0000 0.0000 0.0000
186      186   (0)      4  : 0.0000 0.0000 1.0000 0.0000
187      187   (0)      4  : 0.9720 0.0191 0.0000 0.0089
188      188   (0)      4  : 0.9489 0.0338 0.0000 0.0173
189      189   (0)      4  : 0.0000 0.0000 1.0000 0.0000
190      190   (0)      4  : 0.9851 0.0063 0.0000 0.0085
191      191   (0)      4  : 0.0000 1.0000 0.0000 0.0000
192      192   (0)      4  : 0.5380 0.2436 0.1106 0.1078
193      193   (0)      4  : 0.9492 0.0384 0.0123 0.0000
194      194   (0)      4  : 0.9452 0.0363 0.0000 0.0186
195      195   (0)      4  : 0.9752 0.0132 0.0000 0.0116
196      196   (0)      4  : 0.9839 0.0000 0.0000 0.0161
197      197   (0)      4  : 0.9941 0.0000 0.0000 0.0059
198      198   (0)      4  : 0.9999 0.0001 0.0000 0.0000
199      199   (0)      4  : 0.9834 0.0002 0.0000 0.0164
200      200   (0)      4  : 0.9651 0.0291 0.0036 0.0022
201      201   (0)      4  : 0.0000 1.0000 0.0000 0.0000
202      202   (0)      4  : 0.9702 0.0192 0.0000 0.0106
203      203   (0)      4  : 0.9928 0.0000 0.0000 0.0072
204      204   (0)      4  : 0.9528 0.0459 0.0000 0.0013
205      205   (0)      4  : 0.9845 0.0155 0.0000 0.0000
206      206   (0)      4  : 0.9453 0.0376 0.0050 0.0121
207      207   (0)      4  : 0.9942 0.0025 0.0000 0.0033
208      208   (0)      4  : 0.9839 0.0024 0.0000 0.0138
209      209   (0)      4  : 0.0000 1.0000 0.0000 0.0000
210      210   (0)      4  : 0.9492 0.0213 0.0000 0.0296
211      211   (0)      4  : 0.9718 0.0098 0.0000 0.0184
212      212   (0)      4  : 0.9733 0.0239 0.0000 0.0029
213      213   (0)      4  : 0.0092 0.9908 0.0000 0.0000
214      214   (0)      4  : 0.9505 0.0377 0.0118 0.0000
215      215   (0)      4  : 0.9797 0.0024 0.0000 0.0179
216      216   (0)      4  : 0.5149 0.4773 0.0000 0.0078
217      217   (0)      4  : 0.9697 0.0303 0.0000 0.0000
218      218   (0)      4  : 0.0000 0.0000 1.0000 0.0000
219      219   (0)      4  : 0.9686 0.0164 0.0000 0.0150
220      220   (0)      4  : 0.9631 0.0336 0.0000 0.0033
